0 info it worked if it ends with ok
1 verbose cli [ '/home/augustosandim/opt/node/bin/node',
1 verbose cli   '/home/augustosandim/opt/node/bin/npm',
1 verbose cli   'run',
1 verbose cli   'watch',
1 verbose cli   'h' ]
2 info using npm@1.3.24
3 info using node@v0.10.25
4 verbose node symlink /home/augustosandim/opt/node/bin/node
5 error Error: ENOENT, open '/home/augustosandim/projects/frontincg-2016/node_modules/watch/package.json'
6 error If you need help, you may report this *entire* log,
6 error including the npm and node versions, at:
6 error     <http://github.com/isaacs/npm/issues>
7 error System Linux 4.2.0-23-generic
8 error command "/home/augustosandim/opt/node/bin/node" "/home/augustosandim/opt/node/bin/npm" "run" "watch" "h"
9 error cwd /home/augustosandim/projects/frontincg-2016
10 error node -v v0.10.25
11 error npm -v 1.3.24
12 error path /home/augustosandim/projects/frontincg-2016/node_modules/watch/package.json
13 error code ENOENT
14 error errno 34
15 verbose exit [ 34, true ]
